<?xml version="1.0" encoding="UTF-8"?>
<!-- Generated by org.testng.reporters.JUnitXMLReporter -->
<testsuite ignored="0" hostname="LAPTOP-ORB3GTRR" failures="3" tests="4" name="Surefire test" time="412.579" errors="0" timestamp="2025-08-27T17:20:42 IST">
  <testcase classname="InvofluxTests" name="test_prompt_invoice_detail_extraction_smart_vision" time="32.674">
    <failure type="java.lang.AssertionError" message="Unit Price mismatch! Expected: &amp;apos;59,062.50&amp;apos; but Actual: 82,687.50 expected [true] but found [false]">
      <![CDATA[java.lang.AssertionError: Unit Price mismatch! Expected: '59,062.50' but Actual: 82,687.50 expected [true] but found [false]
at InvofluxTests.test_prompt_invoice_detail_extraction_smart_vision(InvofluxTests.java:202)
at java.base/java.util.ArrayList.forEach(ArrayList.java:1541)
... Removed 35 stack frames]]>
    </failure>
  </testcase> <!-- test_prompt_invoice_detail_extraction_smart_vision -->
  <testcase classname="InvofluxTests" name="test_prompt_invoice_detail_extraction_seer_tech" time="110.431">
    <failure type="java.lang.AssertionError" message="Invoice Number mismatch! Actual text: Invoice Number: 2110 expected [true] but found [false]">
      <![CDATA[java.lang.AssertionError: Invoice Number mismatch! Actual text: Invoice Number: 2110 expected [true] but found [false]
at InvofluxTests.test_prompt_invoice_detail_extraction_seer_tech(InvofluxTests.java:426)
at java.base/java.util.ArrayList.forEach(ArrayList.java:1541)
... Removed 35 stack frames]]>
    </failure>
  </testcase> <!-- test_prompt_invoice_detail_extraction_seer_tech -->
  <testcase classname="InvofluxTests" name="test_prompt_invoice_detail_extraction_honey_well" time="47.743"/>
  <testcase classname="InvofluxTests" name="testSendAndReceiveEmail" time="203.982">
    <failure type="java.lang.AssertionError" message="Email response did not contain expected -&amp;gt; Status: Draft expected [true] but found [false]">
      <![CDATA[java.lang.AssertionError: Email response did not contain expected -> Status: Draft expected [true] but found [false]
at InvofluxTests.testSendAndReceiveEmail(InvofluxTests.java:803)
at java.base/java.util.ArrayList.forEach(ArrayList.java:1541)
... Removed 35 stack frames]]>
    </failure>
  </testcase> <!-- testSendAndReceiveEmail -->
</testsuite> <!-- Surefire test -->
